<?xml version="1.0" encoding="UTF-8"?>
<!-- Generated by org.testng.reporters.JUnitReportReporter -->
<testsuite hostname="DESKTOP-B5H13LT" failures="0" tests="6" name="userpagetest.UserPageTest" time="80.455" errors="0" timestamp="2024-04-16T21:25:57 IST" skipped="0">
  <testcase classname="userpagetest.UserPageTest" name="TestCase" time="7.181"/>
  <system-out/>
  <testcase classname="userpagetest.UserPageTest" name="TestCase2" time="11.632"/>
  <system-out/>
  <testcase classname="userpagetest.UserPageTest" name="TestCase3" time="8.830"/>
  <system-out/>
  <testcase classname="userpagetest.UserPageTest" name="TestCase4" time="7.631"/>
  <system-out/>
  <testcase classname="userpagetest.UserPageTest" name="TestCase5" time="38.942"/>
  <system-out/>
  <testcase classname="userpagetest.UserPageTest" name="TestCase6" time="6.239"/>
  <system-out/>
</testsuite> <!-- userpagetest.UserPageTest -->
